<?xml version="1.0" encoding="UTF-8"?>
<testsuite xmlns:xsi="http://www.w3.org/2001/XMLSchema-instance" xsi:noNamespaceSchemaLocation="https://maven.apache.org/surefire/maven-surefire-plugin/xsd/surefire-test-report-3.0.xsd" version="3.0" name="com.reedmanit.retirementdrawdown.service.DrawDownServiceTest" time="0.369" tests="1" errors="0" skipped="0" failures="0">
  <properties>
    <property name="java.specification.version" value="17"/>
    <property name="sun.cpu.isalist" value="amd64"/>
    <property name="sun.jnu.encoding" value="Cp1252"/>
    <property name="java.class.path" value="C:\SoftwareDevelopment\Projects\retirementdrawdown\target\test-classes;C:\SoftwareDevelopment\Projects\retirementdrawdown\target\classes;C:\Users\preed\.m2\repository\com\vaadin\vaadin\24.4.4\vaadin-24.4.4.jar;C:\Users\preed\.m2\repository\com\vaadin\vaadin-internal\24.4.4\vaadin-internal-24.4.4.jar;C:\Users\preed\.m2\repository\com\vaadin\vaadin-core-internal\24.4.4\vaadin-core-internal-24.4.4.jar;C:\Users\preed\.m2\repository\com\vaadin\flow-lit-template\24.4.2\flow-lit-template-24.4.2.jar;C:\Users\preed\.m2\repository\com\vaadin\flow-react\24.4.2\flow-react-24.4.2.jar;C:\Users\preed\.m2\repository\com\vaadin\flow-html-components\24.4.2\flow-html-components-24.4.2.jar;C:\Users\preed\.m2\repository\com\vaadin\flow-data\24.4.2\flow-data-24.4.2.jar;C:\Users\preed\.m2\repository\com\vaadin\flow-dnd\24.4.2\flow-dnd-24.4.2.jar;C:\Users\preed\.m2\repository\com\vaadin\vaadin-lumo-theme\24.4.4\vaadin-lumo-theme-24.4.4.jar;C:\Users\preed\.m2\repository\com\vaadin\vaadin-material-theme\24.4.4\vaadin-material-theme-24.4.4.jar;C:\Users\preed\.m2\repository\com\vaadin\vaadin-accordion-flow\24.4.4\vaadin-accordion-flow-24.4.4.jar;C:\Users\preed\.m2\repository\com\vaadin\vaadin-avatar-flow\24.4.4\vaadin-avatar-flow-24.4.4.jar;C:\Users\preed\.m2\repository\com\vaadin\vaadin-button-flow\24.4.4\vaadin-button-flow-24.4.4.jar;C:\Users\preed\.m2\repository\com\vaadin\vaadin-checkbox-flow\24.4.4\vaadin-checkbox-flow-24.4.4.jar;C:\Users\preed\.m2\repository\com\vaadin\vaadin-combo-box-flow\24.4.4\vaadin-combo-box-flow-24.4.4.jar;C:\Users\preed\.m2\repository\com\vaadin\vaadin-confirm-dialog-flow\24.4.4\vaadin-confirm-dialog-flow-24.4.4.jar;C:\Users\preed\.m2\repository\com\vaadin\vaadin-custom-field-flow\24.4.4\vaadin-custom-field-flow-24.4.4.jar;C:\Users\preed\.m2\repository\com\vaadin\vaadin-date-picker-flow\24.4.4\vaadin-date-picker-flow-24.4.4.jar;C:\Users\preed\.m2\repository\com\vaadin\vaadin-date-time-picker-flow\24.4.4\vaadin-date-time-picker-flow-24.4.4.jar;C:\Users\preed\.m2\repository\com\vaadin\vaadin-details-flow\24.4.4\vaadin-details-flow-24.4.4.jar;C:\Users\preed\.m2\repository\com\vaadin\vaadin-time-picker-flow\24.4.4\vaadin-time-picker-flow-24.4.4.jar;C:\Users\preed\.m2\repository\com\vaadin\vaadin-select-flow\24.4.4\vaadin-select-flow-24.4.4.jar;C:\Users\preed\.m2\repository\com\vaadin\vaadin-side-nav-flow\24.4.4\vaadin-side-nav-flow-24.4.4.jar;C:\Users\preed\.m2\repository\com\vaadin\vaadin-dialog-flow\24.4.4\vaadin-dialog-flow-24.4.4.jar;C:\Users\preed\.m2\repository\com\vaadin\vaadin-form-layout-flow\24.4.4\vaadin-form-layout-flow-24.4.4.jar;C:\Users\preed\.m2\repository\com\vaadin\vaadin-field-highlighter-flow\24.4.4\vaadin-field-highlighter-flow-24.4.4.jar;C:\Users\preed\.m2\repository\com\vaadin\vaadin-grid-flow\24.4.4\vaadin-grid-flow-24.4.4.jar;C:\Users\preed\.m2\repository\org\apache\commons\commons-lang3\3.13.0\commons-lang3-3.13.0.jar;C:\Users\preed\.m2\repository\com\vaadin\vaadin-icons-flow\24.4.4\vaadin-icons-flow-24.4.4.jar;C:\Users\preed\.m2\repository\com\vaadin\vaadin-virtual-list-flow\24.4.4\vaadin-virtual-list-flow-24.4.4.jar;C:\Users\preed\.m2\repository\com\vaadin\vaadin-list-box-flow\24.4.4\vaadin-list-box-flow-24.4.4.jar;C:\Users\preed\.m2\repository\com\vaadin\vaadin-login-flow\24.4.4\vaadin-login-flow-24.4.4.jar;C:\Users\preed\.m2\repository\com\vaadin\vaadin-messages-flow\24.4.4\vaadin-messages-flow-24.4.4.jar;C:\Users\preed\.m2\repository\com\vaadin\vaadin-ordered-layout-flow\24.4.4\vaadin-ordered-layout-flow-24.4.4.jar;C:\Users\preed\.m2\repository\com\vaadin\vaadin-progress-bar-flow\24.4.4\vaadin-progress-bar-flow-24.4.4.jar;C:\Users\preed\.m2\repository\com\vaadin\vaadin-radio-button-flow\24.4.4\vaadin-radio-button-flow-24.4.4.jar;C:\Users\preed\.m2\repository\com\vaadin\vaadin-renderer-flow\24.4.4\vaadin-renderer-flow-24.4.4.jar;C:\Users\preed\.m2\repository\com\vaadin\vaadin-split-layout-flow\24.4.4\vaadin-split-layout-flow-24.4.4.jar;C:\Users\preed\.m2\repository\com\vaadin\vaadin-tabs-flow\24.4.4\vaadin-tabs-flow-24.4.4.jar;C:\Users\preed\.m2\repository\com\vaadin\vaadin-text-field-flow\24.4.4\vaadin-text-field-flow-24.4.4.jar;C:\Users\preed\.m2\repository\com\vaadin\vaadin-upload-flow\24.4.4\vaadin-upload-flow-24.4.4.jar;C:\Users\preed\.m2\repository\com\vaadin\vaadin-notification-flow\24.4.4\vaadin-notification-flow-24.4.4.jar;C:\Users\preed\.m2\repository\com\vaadin\vaadin-app-layout-flow\24.4.4\vaadin-app-layout-flow-24.4.4.jar;C:\Users\preed\.m2\repository\com\vaadin\vaadin-context-menu-flow\24.4.4\vaadin-context-menu-flow-24.4.4.jar;C:\Users\preed\.m2\repository\com\vaadin\vaadin-menu-bar-flow\24.4.4\vaadin-menu-bar-flow-24.4.4.jar;C:\Users\preed\.m2\repository\com\vaadin\vaadin-board-flow\24.4.4\vaadin-board-flow-24.4.4.jar;C:\Users\preed\.m2\repository\com\vaadin\vaadin-charts-flow\24.4.4\vaadin-charts-flow-24.4.4.jar;C:\Users\preed\.m2\repository\com\vaadin\vaadin-cookie-consent-flow\24.4.4\vaadin-cookie-consent-flow-24.4.4.jar;C:\Users\preed\.m2\repository\com\vaadin\vaadin-crud-flow\24.4.4\vaadin-crud-flow-24.4.4.jar;C:\Users\preed\.m2\repository\com\vaadin\vaadin-flow-components-base\24.4.4\vaadin-flow-components-base-24.4.4.jar;C:\Users\preed\.m2\repository\com\vaadin\vaadin-grid-pro-flow\24.4.4\vaadin-grid-pro-flow-24.4.4.jar;C:\Users\preed\.m2\repository\com\vaadin\vaadin-map-flow\24.4.4\vaadin-map-flow-24.4.4.jar;C:\Users\preed\.m2\repository\com\vaadin\vaadin-rich-text-editor-flow\24.4.4\vaadin-rich-text-editor-flow-24.4.4.jar;C:\Users\preed\.m2\repository\com\vaadin\collaboration-engine\6.2.2\collaboration-engine-6.2.2.jar;C:\Users\preed\.m2\repository\com\fasterxml\jackson\core\jackson-databind\2.15.4\jackson-databind-2.15.4.jar;C:\Users\preed\.m2\repository\com\fasterxml\jackson\core\jackson-annotations\2.15.4\jackson-annotations-2.15.4.jar;C:\Users\preed\.m2\repository\com\fasterxml\jackson\datatype\jackson-datatype-jsr310\2.15.4\jackson-datatype-jsr310-2.15.4.jar;C:\Users\preed\.m2\repository\com\vaadin\vaadin-core\24.4.4\vaadin-core-24.4.4.jar;C:\Users\preed\.m2\repository\com\vaadin\vaadin-dev\24.4.4\vaadin-dev-24.4.4.jar;C:\Users\preed\.m2\repository\com\vaadin\vaadin-dev-server\24.4.2\vaadin-dev-server-24.4.2.jar;C:\Users\preed\.m2\repository\com\github\javaparser\javaparser-core\3.25.10\javaparser-core-3.25.10.jar;C:\Users\preed\.m2\repository\io\methvin\directory-watcher\0.18.0\directory-watcher-0.18.0.jar;C:\Users\preed\.m2\repository\com\vaadin\vaadin-dev-bundle\24.4.4\vaadin-dev-bundle-24.4.4.jar;C:\Users\preed\.m2\repository\com\vaadin\hilla-dev\24.4.2\hilla-dev-24.4.2.jar;C:\Users\preed\.m2\repository\com\vaadin\copilot\24.4.3\copilot-24.4.3.jar;C:\Users\preed\.m2\repository\io\projectreactor\netty\reactor-netty\1.1.19\reactor-netty-1.1.19.jar;C:\Users\preed\.m2\repository\io\projectreactor\netty\reactor-netty-core\1.1.19\reactor-netty-core-1.1.19.jar;C:\Users\preed\.m2\repository\io\netty\netty-handler\4.1.110.Final\netty-handler-4.1.110.Final.jar;C:\Users\preed\.m2\repository\io\netty\netty-common\4.1.110.Final\netty-common-4.1.110.Final.jar;C:\Users\preed\.m2\repository\io\netty\netty-resolver\4.1.110.Final\netty-resolver-4.1.110.Final.jar;C:\Users\preed\.m2\repository\io\netty\netty-buffer\4.1.110.Final\netty-buffer-4.1.110.Final.jar;C:\Users\preed\.m2\repository\io\netty\netty-transport\4.1.110.Final\netty-transport-4.1.110.Final.jar;C:\Users\preed\.m2\repository\io\netty\netty-transport-native-unix-common\4.1.110.Final\netty-transport-native-unix-common-4.1.110.Final.jar;C:\Users\preed\.m2\repository\io\netty\netty-codec\4.1.110.Final\netty-codec-4.1.110.Final.jar;C:\Users\preed\.m2\repository\io\netty\netty-handler-proxy\4.1.110.Final\netty-handler-proxy-4.1.110.Final.jar;C:\Users\preed\.m2\repository\io\netty\netty-codec-socks\4.1.110.Final\netty-codec-socks-4.1.110.Final.jar;C:\Users\preed\.m2\repository\io\netty\netty-resolver-dns\4.1.110.Final\netty-resolver-dns-4.1.110.Final.jar;C:\Users\preed\.m2\repository\io\netty\netty-codec-dns\4.1.110.Final\netty-codec-dns-4.1.110.Final.jar;C:\Users\preed\.m2\repository\io\netty\netty-resolver-dns-native-macos\4.1.110.Final\netty-resolver-dns-native-macos-4.1.110.Final-osx-x86_64.jar;C:\Users\preed\.m2\repository\io\netty\netty-resolver-dns-classes-macos\4.1.110.Final\netty-resolver-dns-classes-macos-4.1.110.Final.jar;C:\Users\preed\.m2\repository\io\netty\netty-transport-native-epoll\4.1.110.Final\netty-transport-native-epoll-4.1.110.Final-linux-x86_64.jar;C:\Users\preed\.m2\repository\io\netty\netty-transport-classes-epoll\4.1.110.Final\netty-transport-classes-epoll-4.1.110.Final.jar;C:\Users\preed\.m2\repository\io\projectreactor\netty\reactor-netty-http\1.1.19\reactor-netty-http-1.1.19.jar;C:\Users\preed\.m2\repository\io\netty\netty-codec-http\4.1.110.Final\netty-codec-http-4.1.110.Final.jar;C:\Users\preed\.m2\repository\io\netty\netty-codec-http2\4.1.110.Final\netty-codec-http2-4.1.110.Final.jar;C:\Users\preed\.m2\repository\io\projectreactor\netty\incubator\reactor-netty-incubator-quic\0.1.19\reactor-netty-incubator-quic-0.1.19.jar;C:\Users\preed\.m2\repository\io\netty\incubator\netty-incubator-codec-native-quic\0.0.62.Final\netty-incubator-codec-native-quic-0.0.62.Final-linux-x86_64.jar;C:\Users\preed\.m2\repository\io\netty\incubator\netty-incubator-codec-classes-quic\0.0.62.Final\netty-incubator-codec-classes-quic-0.0.62.Final.jar;C:\Users\preed\.m2\repository\org\apache\commons\commons-configuration2\2.11.0\commons-configuration2-2.11.0.jar;C:\Users\preed\.m2\repository\org\apache\commons\commons-text\1.12.0\commons-text-1.12.0.jar;C:\Users\preed\.m2\repository\com\vaadin\vaadin-spring-boot-starter\24.4.4\vaadin-spring-boot-starter-24.4.4.jar;C:\Users\preed\.m2\repository\com\vaadin\vaadin-spring\24.4.2\vaadin-spring-24.4.2.jar;C:\Users\preed\.m2\repository\com\vaadin\flow-server\24.4.2\flow-server-24.4.2.jar;C:\Users\preed\.m2\repository\com\vaadin\servletdetector\throw-if-servlet3\1.0.2\throw-if-servlet3-1.0.2.jar;C:\Users\preed\.m2\repository\org\apache\commons\commons-fileupload2-jakarta\2.0.0-M1\commons-fileupload2-jakarta-2.0.0-M1.jar;C:\Users\preed\.m2\repository\org\apache\commons\commons-fileupload2-core\2.0.0-M1\commons-fileupload2-core-2.0.0-M1.jar;C:\Users\preed\.m2\repository\commons-io\commons-io\2.16.1\commons-io-2.16.1.jar;C:\Users\preed\.m2\repository\com\fasterxml\jackson\core\jackson-core\2.15.4\jackson-core-2.15.4.jar;C:\Users\preed\.m2\repository\org\jsoup\jsoup\1.17.2\jsoup-1.17.2.jar;C:\Users\preed\.m2\repository\com\helger\ph-css\7.0.2\ph-css-7.0.2.jar;C:\Users\preed\.m2\repository\com\helger\commons\ph-commons\11.1.5\ph-commons-11.1.5.jar;C:\Users\preed\.m2\repository\org\ow2\asm\asm\9.7\asm-9.7.jar;C:\Users\preed\.m2\repository\com\vaadin\external\gentyref\1.2.0.vaadin1\gentyref-1.2.0.vaadin1.jar;C:\Users\preed\.m2\repository\org\apache\commons\commons-compress\1.26.1\commons-compress-1.26.1.jar;C:\Users\preed\.m2\repository\com\vaadin\flow-push\24.4.2\flow-push-24.4.2.jar;C:\Users\preed\.m2\repository\com\vaadin\external\atmosphere\atmosphere-runtime\3.0.5.slf4jvaadin1\atmosphere-runtime-3.0.5.slf4jvaadin1.jar;C:\Users\preed\.m2\repository\com\vaadin\flow-client\24.4.2\flow-client-24.4.2.jar;C:\Users\preed\.m2\repository\org\springframework\spring-webmvc\6.1.8\spring-webmvc-6.1.8.jar;C:\Users\preed\.m2\repository\org\springframework\spring-websocket\6.1.8\spring-websocket-6.1.8.jar;C:\Users\preed\.m2\repository\org\reflections\reflections\0.10.2\reflections-0.10.2.jar;C:\Users\preed\.m2\repository\com\google\code\findbugs\jsr305\3.0.2\jsr305-3.0.2.jar;C:\Users\preed\.m2\repository\com\vaadin\hilla\24.4.2\hilla-24.4.2.jar;C:\Users\preed\.m2\repository\com\vaadin\hilla-endpoint\24.4.2\hilla-endpoint-24.4.2.jar;C:\Users\preed\.m2\repository\com\vaadin\hilla-engine-core\24.4.2\hilla-engine-core-24.4.2.jar;C:\Users\preed\.m2\repository\com\vaadin\hilla-parser-jvm-core\24.4.2\hilla-parser-jvm-core-24.4.2.jar;C:\Users\preed\.m2\repository\com\fasterxml\jackson\dataformat\jackson-dataformat-yaml\2.15.4\jackson-dataformat-yaml-2.15.4.jar;C:\Users\preed\.m2\repository\com\vaadin\hilla-parser-jvm-plugin-backbone\24.4.2\hilla-parser-jvm-plugin-backbone-24.4.2.jar;C:\Users\preed\.m2\repository\com\vaadin\hilla-parser-jvm-plugin-nonnull\24.4.2\hilla-parser-jvm-plugin-nonnull-24.4.2.jar;C:\Users\preed\.m2\repository\com\vaadin\hilla-parser-jvm-plugin-subtypes\24.4.2\hilla-parser-jvm-plugin-subtypes-24.4.2.jar;C:\Users\preed\.m2\repository\com\vaadin\hilla-parser-jvm-plugin-model\24.4.2\hilla-parser-jvm-plugin-model-24.4.2.jar;C:\Users\preed\.m2\repository\com\vaadin\hilla-parser-jvm-plugin-transfertypes\24.4.2\hilla-parser-jvm-plugin-transfertypes-24.4.2.jar;C:\Users\preed\.m2\repository\org\springframework\data\spring-data-commons\3.2.6\spring-data-commons-3.2.6.jar;C:\Users\preed\.m2\repository\io\projectreactor\reactor-core\3.6.6\reactor-core-3.6.6.jar;C:\Users\preed\.m2\repository\org\reactivestreams\reactive-streams\1.0.4\reactive-streams-1.0.4.jar;C:\Users\preed\.m2\repository\com\fasterxml\jackson\module\jackson-module-parameter-names\2.15.4\jackson-module-parameter-names-2.15.4.jar;C:\Users\preed\.m2\repository\com\fasterxml\jackson\datatype\jackson-datatype-jdk8\2.15.4\jackson-datatype-jdk8-2.15.4.jar;C:\Users\preed\.m2\repository\com\github\javaparser\javaparser-symbol-solver-core\3.25.10\javaparser-symbol-solver-core-3.25.10.jar;C:\Users\preed\.m2\repository\com\vaadin\hilla-parser-jvm-utils\24.4.2\hilla-parser-jvm-utils-24.4.2.jar;C:\Users\preed\.m2\repository\io\swagger\core\v3\swagger-core\2.2.22\swagger-core-2.2.22.jar;C:\Users\preed\.m2\repository\io\swagger\core\v3\swagger-annotations\2.2.22\swagger-annotations-2.2.22.jar;C:\Users\preed\.m2\repository\io\swagger\core\v3\swagger-models\2.2.22\swagger-models-2.2.22.jar;C:\Users\preed\.m2\repository\com\vaadin\hilla-runtime-plugin-transfertypes\24.4.2\hilla-runtime-plugin-transfertypes-24.4.2.jar;C:\Users\preed\.m2\repository\com\vaadin\hilla-engine-runtime\24.4.2\hilla-engine-runtime-24.4.2.jar;C:\Users\preed\.m2\repository\org\springframework\boot\spring-boot-starter-web\3.2.6\spring-boot-starter-web-3.2.6.jar;C:\Users\preed\.m2\repository\org\springframework\boot\spring-boot-starter-json\3.2.6\spring-boot-starter-json-3.2.6.jar;C:\Users\preed\.m2\repository\org\springframework\boot\spring-boot-starter-tomcat\3.2.6\spring-boot-starter-tomcat-3.2.6.jar;C:\Users\preed\.m2\repository\org\apache\tomcat\embed\tomcat-embed-core\10.1.24\tomcat-embed-core-10.1.24.jar;C:\Users\preed\.m2\repository\org\apache\tomcat\embed\tomcat-embed-websocket\10.1.24\tomcat-embed-websocket-10.1.24.jar;C:\Users\preed\.m2\repository\org\springframework\spring-web\6.1.8\spring-web-6.1.8.jar;C:\Users\preed\.m2\repository\io\micrometer\micrometer-observation\1.12.6\micrometer-observation-1.12.6.jar;C:\Users\preed\.m2\repository\io\micrometer\micrometer-commons\1.12.6\micrometer-commons-1.12.6.jar;C:\Users\preed\.m2\repository\org\parttio\line-awesome\1.1.0\line-awesome-1.1.0.jar;C:\Users\preed\.m2\repository\org\springframework\boot\spring-boot-starter-validation\3.2.6\spring-boot-starter-validation-3.2.6.jar;C:\Users\preed\.m2\repository\org\springframework\boot\spring-boot-starter\3.2.6\spring-boot-starter-3.2.6.jar;C:\Users\preed\.m2\repository\org\springframework\boot\spring-boot-starter-logging\3.2.6\spring-boot-starter-logging-3.2.6.jar;C:\Users\preed\.m2\repository\ch\qos\logback\logback-classic\1.4.14\logback-classic-1.4.14.jar;C:\Users\preed\.m2\repository\ch\qos\logback\logback-core\1.4.14\logback-core-1.4.14.jar;C:\Users\preed\.m2\repository\org\apache\logging\log4j\log4j-to-slf4j\2.21.1\log4j-to-slf4j-2.21.1.jar;C:\Users\preed\.m2\repository\org\apache\logging\log4j\log4j-api\2.21.1\log4j-api-2.21.1.jar;C:\Users\preed\.m2\repository\org\slf4j\jul-to-slf4j\2.0.13\jul-to-slf4j-2.0.13.jar;C:\Users\preed\.m2\repository\jakarta\annotation\jakarta.annotation-api\2.1.1\jakarta.annotation-api-2.1.1.jar;C:\Users\preed\.m2\repository\org\yaml\snakeyaml\2.2\snakeyaml-2.2.jar;C:\Users\preed\.m2\repository\org\apache\tomcat\embed\tomcat-embed-el\10.1.24\tomcat-embed-el-10.1.24.jar;C:\Users\preed\.m2\repository\org\hibernate\validator\hibernate-validator\8.0.1.Final\hibernate-validator-8.0.1.Final.jar;C:\Users\preed\.m2\repository\jakarta\validation\jakarta.validation-api\3.0.2\jakarta.validation-api-3.0.2.jar;C:\Users\preed\.m2\repository\org\jboss\logging\jboss-logging\3.5.3.Final\jboss-logging-3.5.3.Final.jar;C:\Users\preed\.m2\repository\com\fasterxml\classmate\1.6.0\classmate-1.6.0.jar;C:\Users\preed\.m2\repository\org\springframework\boot\spring-boot-devtools\3.2.6\spring-boot-devtools-3.2.6.jar;C:\Users\preed\.m2\repository\org\springframework\boot\spring-boot\3.2.6\spring-boot-3.2.6.jar;C:\Users\preed\.m2\repository\org\springframework\spring-context\6.1.8\spring-context-6.1.8.jar;C:\Users\preed\.m2\repository\org\springframework\boot\spring-boot-autoconfigure\3.2.6\spring-boot-autoconfigure-3.2.6.jar;C:\Users\preed\.m2\repository\org\springframework\boot\spring-boot-starter-security\3.2.6\spring-boot-starter-security-3.2.6.jar;C:\Users\preed\.m2\repository\org\springframework\spring-aop\6.1.8\spring-aop-6.1.8.jar;C:\Users\preed\.m2\repository\org\springframework\spring-beans\6.1.8\spring-beans-6.1.8.jar;C:\Users\preed\.m2\repository\org\springframework\security\spring-security-config\6.2.4\spring-security-config-6.2.4.jar;C:\Users\preed\.m2\repository\org\springframework\security\spring-security-core\6.2.4\spring-security-core-6.2.4.jar;C:\Users\preed\.m2\repository\org\springframework\security\spring-security-crypto\6.2.4\spring-security-crypto-6.2.4.jar;C:\Users\preed\.m2\repository\org\springframework\security\spring-security-web\6.2.4\spring-security-web-6.2.4.jar;C:\Users\preed\.m2\repository\org\springframework\spring-expression\6.1.8\spring-expression-6.1.8.jar;C:\Users\preed\.m2\repository\org\springframework\boot\spring-boot-starter-test\3.2.6\spring-boot-starter-test-3.2.6.jar;C:\Users\preed\.m2\repository\org\springframework\boot\spring-boot-test\3.2.6\spring-boot-test-3.2.6.jar;C:\Users\preed\.m2\repository\org\springframework\boot\spring-boot-test-autoconfigure\3.2.6\spring-boot-test-autoconfigure-3.2.6.jar;C:\Users\preed\.m2\repository\com\jayway\jsonpath\json-path\2.9.0\json-path-2.9.0.jar;C:\Users\preed\.m2\repository\org\slf4j\slf4j-api\2.0.13\slf4j-api-2.0.13.jar;C:\Users\preed\.m2\repository\jakarta\xml\bind\jakarta.xml.bind-api\4.0.2\jakarta.xml.bind-api-4.0.2.jar;C:\Users\preed\.m2\repository\jakarta\activation\jakarta.activation-api\2.1.3\jakarta.activation-api-2.1.3.jar;C:\Users\preed\.m2\repository\net\minidev\json-smart\2.5.1\json-smart-2.5.1.jar;C:\Users\preed\.m2\repository\net\minidev\accessors-smart\2.5.1\accessors-smart-2.5.1.jar;C:\Users\preed\.m2\repository\org\assertj\assertj-core\3.24.2\assertj-core-3.24.2.jar;C:\Users\preed\.m2\repository\net\bytebuddy\byte-buddy\1.14.16\byte-buddy-1.14.16.jar;C:\Users\preed\.m2\repository\org\awaitility\awaitility\4.2.1\awaitility-4.2.1.jar;C:\Users\preed\.m2\repository\org\hamcrest\hamcrest\2.2\hamcrest-2.2.jar;C:\Users\preed\.m2\repository\org\junit\jupiter\junit-jupiter\5.10.2\junit-jupiter-5.10.2.jar;C:\Users\preed\.m2\repository\org\junit\jupiter\junit-jupiter-api\5.10.2\junit-jupiter-api-5.10.2.jar;C:\Users\preed\.m2\repository\org\opentest4j\opentest4j\1.3.0\opentest4j-1.3.0.jar;C:\Users\preed\.m2\repository\org\junit\platform\junit-platform-commons\1.10.2\junit-platform-commons-1.10.2.jar;C:\Users\preed\.m2\repository\org\apiguardian\apiguardian-api\1.1.2\apiguardian-api-1.1.2.jar;C:\Users\preed\.m2\repository\org\junit\jupiter\junit-jupiter-params\5.10.2\junit-jupiter-params-5.10.2.jar;C:\Users\preed\.m2\repository\org\junit\jupiter\junit-jupiter-engine\5.10.2\junit-jupiter-engine-5.10.2.jar;C:\Users\preed\.m2\repository\org\mockito\mockito-core\5.7.0\mockito-core-5.7.0.jar;C:\Users\preed\.m2\repository\net\bytebuddy\byte-buddy-agent\1.14.16\byte-buddy-agent-1.14.16.jar;C:\Users\preed\.m2\repository\org\objenesis\objenesis\3.3\objenesis-3.3.jar;C:\Users\preed\.m2\repository\org\mockito\mockito-junit-jupiter\5.7.0\mockito-junit-jupiter-5.7.0.jar;C:\Users\preed\.m2\repository\org\skyscreamer\jsonassert\1.5.1\jsonassert-1.5.1.jar;C:\Users\preed\.m2\repository\com\vaadin\external\google\android-json\0.0.20131108.vaadin1\android-json-0.0.20131108.vaadin1.jar;C:\Users\preed\.m2\repository\org\springframework\spring-core\6.1.8\spring-core-6.1.8.jar;C:\Users\preed\.m2\repository\org\springframework\spring-jcl\6.1.8\spring-jcl-6.1.8.jar;C:\Users\preed\.m2\repository\org\springframework\spring-test\6.1.8\spring-test-6.1.8.jar;C:\Users\preed\.m2\repository\org\xmlunit\xmlunit-core\2.9.1\xmlunit-core-2.9.1.jar;C:\Users\preed\.m2\repository\com\vaadin\vaadin-testbench-junit5\24.4.4\vaadin-testbench-junit5-24.4.4.jar;C:\Users\preed\.m2\repository\com\vaadin\vaadin-testbench-core-junit5\9.3.1\vaadin-testbench-core-junit5-9.3.1.jar;C:\Users\preed\.m2\repository\org\seleniumhq\selenium\selenium-remote-driver\4.21.0\selenium-remote-driver-4.21.0.jar;C:\Users\preed\.m2\repository\com\google\auto\service\auto-service-annotations\1.1.1\auto-service-annotations-1.1.1.jar;C:\Users\preed\.m2\repository\com\google\guava\guava\33.2.0-jre\guava-33.2.0-jre.jar;C:\Users\preed\.m2\repository\com\google\guava\failureaccess\1.0.2\failureaccess-1.0.2.jar;C:\Users\preed\.m2\repository\com\google\guava\listenablefuture\9999.0-empty-to-avoid-conflict-with-guava\listenablefuture-9999.0-empty-to-avoid-conflict-with-guava.jar;C:\Users\preed\.m2\repository\org\checkerframework\checker-qual\3.42.0\checker-qual-3.42.0.jar;C:\Users\preed\.m2\repository\com\google\errorprone\error_prone_annotations\2.26.1\error_prone_annotations-2.26.1.jar;C:\Users\preed\.m2\repository\com\google\j2objc\j2objc-annotations\3.0.0\j2objc-annotations-3.0.0.jar;C:\Users\preed\.m2\repository\io\opentelemetry\semconv\opentelemetry-semconv\1.25.0-alpha\opentelemetry-semconv-1.25.0-alpha.jar;C:\Users\preed\.m2\repository\io\opentelemetry\opentelemetry-api\1.31.0\opentelemetry-api-1.31.0.jar;C:\Users\preed\.m2\repository\io\opentelemetry\opentelemetry-context\1.31.0\opentelemetry-context-1.31.0.jar;C:\Users\preed\.m2\repository\io\opentelemetry\opentelemetry-exporter-logging\1.31.0\opentelemetry-exporter-logging-1.31.0.jar;C:\Users\preed\.m2\repository\io\opentelemetry\opentelemetry-sdk-common\1.31.0\opentelemetry-sdk-common-1.31.0.jar;C:\Users\preed\.m2\repository\io\opentelemetry\opentelemetry-sdk-extension-autoconfigure-spi\1.31.0\opentelemetry-sdk-extension-autoconfigure-spi-1.31.0.jar;C:\Users\preed\.m2\repository\io\opentelemetry\opentelemetry-sdk-extension-autoconfigure\1.31.0\opentelemetry-sdk-extension-autoconfigure-1.31.0.jar;C:\Users\preed\.m2\repository\io\opentelemetry\opentelemetry-api-events\1.31.0-alpha\opentelemetry-api-events-1.31.0-alpha.jar;C:\Users\preed\.m2\repository\io\opentelemetry\opentelemetry-sdk-trace\1.31.0\opentelemetry-sdk-trace-1.31.0.jar;C:\Users\preed\.m2\repository\io\opentelemetry\opentelemetry-sdk\1.31.0\opentelemetry-sdk-1.31.0.jar;C:\Users\preed\.m2\repository\io\opentelemetry\opentelemetry-sdk-metrics\1.31.0\opentelemetry-sdk-metrics-1.31.0.jar;C:\Users\preed\.m2\repository\io\opentelemetry\opentelemetry-extension-incubator\1.31.0-alpha\opentelemetry-extension-incubator-1.31.0-alpha.jar;C:\Users\preed\.m2\repository\io\opentelemetry\opentelemetry-sdk-logs\1.31.0\opentelemetry-sdk-logs-1.31.0.jar;C:\Users\preed\.m2\repository\org\seleniumhq\selenium\selenium-api\4.21.0\selenium-api-4.21.0.jar;C:\Users\preed\.m2\repository\org\seleniumhq\selenium\selenium-http\4.21.0\selenium-http-4.21.0.jar;C:\Users\preed\.m2\repository\dev\failsafe\failsafe\3.3.2\failsafe-3.3.2.jar;C:\Users\preed\.m2\repository\org\seleniumhq\selenium\selenium-json\4.21.0\selenium-json-4.21.0.jar;C:\Users\preed\.m2\repository\org\seleniumhq\selenium\selenium-manager\4.21.0\selenium-manager-4.21.0.jar;C:\Users\preed\.m2\repository\org\seleniumhq\selenium\selenium-os\4.21.0\selenium-os-4.21.0.jar;C:\Users\preed\.m2\repository\org\apache\commons\commons-exec\1.4.0\commons-exec-1.4.0.jar;C:\Users\preed\.m2\repository\org\seleniumhq\selenium\selenium-java\4.21.0\selenium-java-4.21.0.jar;C:\Users\preed\.m2\repository\org\seleniumhq\selenium\selenium-chrome-driver\4.21.0\selenium-chrome-driver-4.21.0.jar;C:\Users\preed\.m2\repository\org\seleniumhq\selenium\selenium-chromium-driver\4.21.0\selenium-chromium-driver-4.21.0.jar;C:\Users\preed\.m2\repository\org\seleniumhq\selenium\selenium-devtools-v123\4.21.0\selenium-devtools-v123-4.21.0.jar;C:\Users\preed\.m2\repository\org\seleniumhq\selenium\selenium-devtools-v124\4.21.0\selenium-devtools-v124-4.21.0.jar;C:\Users\preed\.m2\repository\org\seleniumhq\selenium\selenium-devtools-v125\4.21.0\selenium-devtools-v125-4.21.0.jar;C:\Users\preed\.m2\repository\org\seleniumhq\selenium\selenium-devtools-v85\4.21.0\selenium-devtools-v85-4.21.0.jar;C:\Users\preed\.m2\repository\org\seleniumhq\selenium\selenium-edge-driver\4.21.0\selenium-edge-driver-4.21.0.jar;C:\Users\preed\.m2\repository\org\seleniumhq\selenium\selenium-firefox-driver\4.21.0\selenium-firefox-driver-4.21.0.jar;C:\Users\preed\.m2\repository\org\seleniumhq\selenium\selenium-ie-driver\4.21.0\selenium-ie-driver-4.21.0.jar;C:\Users\preed\.m2\repository\org\seleniumhq\selenium\selenium-safari-driver\4.21.0\selenium-safari-driver-4.21.0.jar;C:\Users\preed\.m2\repository\org\seleniumhq\selenium\selenium-support\4.21.0\selenium-support-4.21.0.jar;C:\Users\preed\.m2\repository\org\junit\platform\junit-platform-engine\1.10.2\junit-platform-engine-1.10.2.jar;C:\Users\preed\.m2\repository\org\javassist\javassist\3.30.2-GA\javassist-3.30.2-GA.jar;C:\Users\preed\.m2\repository\com\vaadin\license-checker\1.12.13\license-checker-1.12.13.jar;C:\Users\preed\.m2\repository\com\github\oshi\oshi-core\6.4.10\oshi-core-6.4.10.jar;C:\Users\preed\.m2\repository\net\java\dev\jna\jna\5.14.0\jna-5.14.0.jar;C:\Users\preed\.m2\repository\net\java\dev\jna\jna-platform\5.14.0\jna-platform-5.14.0.jar;C:\Users\preed\.m2\repository\com\nimbusds\nimbus-jose-jwt\9.37.3\nimbus-jose-jwt-9.37.3.jar;C:\Users\preed\.m2\repository\org\lucee\jcip-annotations\1.0.0\jcip-annotations-1.0.0.jar;C:\Users\preed\.m2\repository\com\vaadin\open\8.5.0.1\open-8.5.0.1.jar;C:\Users\preed\.m2\repository\com\vaadin\external\gwt\gwt-elemental\2.8.2.vaadin2\gwt-elemental-2.8.2.vaadin2.jar;C:\Users\preed\.m2\repository\com\vaadin\vaadin-testbench-unit-junit5\9.3.1\vaadin-testbench-unit-junit5-9.3.1.jar;C:\Users\preed\.m2\repository\com\vaadin\vaadin-testbench-unit-shared\9.3.1\vaadin-testbench-unit-shared-9.3.1.jar;C:\Users\preed\.m2\repository\io\github\classgraph\classgraph\4.8.146\classgraph-4.8.146.jar;C:\Users\preed\.m2\repository\jakarta\servlet\jakarta.servlet-api\6.0.0\jakarta.servlet-api-6.0.0.jar;C:\Users\preed\.m2\repository\org\jetbrains\kotlin\kotlin-stdlib-jdk8\1.9.24\kotlin-stdlib-jdk8-1.9.24.jar;C:\Users\preed\.m2\repository\org\jetbrains\kotlin\kotlin-stdlib\1.9.24\kotlin-stdlib-1.9.24.jar;C:\Users\preed\.m2\repository\org\jetbrains\annotations\13.0\annotations-13.0.jar;C:\Users\preed\.m2\repository\org\jetbrains\kotlin\kotlin-stdlib-jdk7\1.9.24\kotlin-stdlib-jdk7-1.9.24.jar;C:\Users\preed\.m2\repository\org\jetbrains\kotlin\kotlin-reflect\1.9.24\kotlin-reflect-1.9.24.jar;C:\Users\preed\.m2\repository\com\vaadin\vaadin-testbench-shared\9.3.1\vaadin-testbench-shared-9.3.1.jar;C:\Users\preed\.m2\repository\commons-codec\commons-codec\1.16.1\commons-codec-1.16.1.jar;C:\Users\preed\.m2\repository\com\vaadin\flow-html-components-testbench\24.4.2\flow-html-components-testbench-24.4.2.jar;C:\Users\preed\.m2\repository\com\vaadin\vaadin-accordion-testbench\24.4.4\vaadin-accordion-testbench-24.4.4.jar;C:\Users\preed\.m2\repository\com\vaadin\vaadin-app-layout-testbench\24.4.4\vaadin-app-layout-testbench-24.4.4.jar;C:\Users\preed\.m2\repository\com\vaadin\vaadin-avatar-testbench\24.4.4\vaadin-avatar-testbench-24.4.4.jar;C:\Users\preed\.m2\repository\com\vaadin\vaadin-board-testbench\24.4.4\vaadin-board-testbench-24.4.4.jar;C:\Users\preed\.m2\repository\com\vaadin\vaadin-button-testbench\24.4.4\vaadin-button-testbench-24.4.4.jar;C:\Users\preed\.m2\repository\com\vaadin\vaadin-charts-testbench\24.4.4\vaadin-charts-testbench-24.4.4.jar;C:\Users\preed\.m2\repository\com\vaadin\vaadin-checkbox-testbench\24.4.4\vaadin-checkbox-testbench-24.4.4.jar;C:\Users\preed\.m2\repository\com\vaadin\vaadin-combo-box-testbench\24.4.4\vaadin-combo-box-testbench-24.4.4.jar;C:\Users\preed\.m2\repository\com\vaadin\vaadin-confirm-dialog-testbench\24.4.4\vaadin-confirm-dialog-testbench-24.4.4.jar;C:\Users\preed\.m2\repository\com\vaadin\vaadin-context-menu-testbench\24.4.4\vaadin-context-menu-testbench-24.4.4.jar;C:\Users\preed\.m2\repository\com\vaadin\vaadin-cookie-consent-testbench\24.4.4\vaadin-cookie-consent-testbench-24.4.4.jar;C:\Users\preed\.m2\repository\com\vaadin\vaadin-crud-testbench\24.4.4\vaadin-crud-testbench-24.4.4.jar;C:\Users\preed\.m2\repository\com\vaadin\vaadin-custom-field-testbench\24.4.4\vaadin-custom-field-testbench-24.4.4.jar;C:\Users\preed\.m2\repository\com\vaadin\vaadin-date-picker-testbench\24.4.4\vaadin-date-picker-testbench-24.4.4.jar;C:\Users\preed\.m2\repository\com\vaadin\vaadin-date-time-picker-testbench\24.4.4\vaadin-date-time-picker-testbench-24.4.4.jar;C:\Users\preed\.m2\repository\com\vaadin\vaadin-details-testbench\24.4.4\vaadin-details-testbench-24.4.4.jar;C:\Users\preed\.m2\repository\com\vaadin\vaadin-dialog-testbench\24.4.4\vaadin-dialog-testbench-24.4.4.jar;C:\Users\preed\.m2\repository\com\vaadin\vaadin-form-layout-testbench\24.4.4\vaadin-form-layout-testbench-24.4.4.jar;C:\Users\preed\.m2\repository\com\vaadin\vaadin-grid-testbench\24.4.4\vaadin-grid-testbench-24.4.4.jar;C:\Users\preed\.m2\repository\com\vaadin\vaadin-grid-pro-testbench\24.4.4\vaadin-grid-pro-testbench-24.4.4.jar;C:\Users\preed\.m2\repository\com\vaadin\vaadin-icons-testbench\24.4.4\vaadin-icons-testbench-24.4.4.jar;C:\Users\preed\.m2\repository\com\vaadin\vaadin-virtual-list-testbench\24.4.4\vaadin-virtual-list-testbench-24.4.4.jar;C:\Users\preed\.m2\repository\com\vaadin\vaadin-list-box-testbench\24.4.4\vaadin-list-box-testbench-24.4.4.jar;C:\Users\preed\.m2\repository\com\vaadin\vaadin-login-testbench\24.4.4\vaadin-login-testbench-24.4.4.jar;C:\Users\preed\.m2\repository\com\vaadin\vaadin-menu-bar-testbench\24.4.4\vaadin-menu-bar-testbench-24.4.4.jar;C:\Users\preed\.m2\repository\com\vaadin\vaadin-messages-testbench\24.4.4\vaadin-messages-testbench-24.4.4.jar;C:\Users\preed\.m2\repository\com\vaadin\vaadin-notification-testbench\24.4.4\vaadin-notification-testbench-24.4.4.jar;C:\Users\preed\.m2\repository\com\vaadin\vaadin-ordered-layout-testbench\24.4.4\vaadin-ordered-layout-testbench-24.4.4.jar;C:\Users\preed\.m2\repository\com\vaadin\vaadin-progress-bar-testbench\24.4.4\vaadin-progress-bar-testbench-24.4.4.jar;C:\Users\preed\.m2\repository\com\vaadin\vaadin-radio-button-testbench\24.4.4\vaadin-radio-button-testbench-24.4.4.jar;C:\Users\preed\.m2\repository\com\vaadin\vaadin-rich-text-editor-testbench\24.4.4\vaadin-rich-text-editor-testbench-24.4.4.jar;C:\Users\preed\.m2\repository\com\vaadin\vaadin-select-testbench\24.4.4\vaadin-select-testbench-24.4.4.jar;C:\Users\preed\.m2\repository\com\vaadin\vaadin-side-nav-testbench\24.4.4\vaadin-side-nav-testbench-24.4.4.jar;C:\Users\preed\.m2\repository\com\vaadin\vaadin-split-layout-testbench\24.4.4\vaadin-split-layout-testbench-24.4.4.jar;C:\Users\preed\.m2\repository\com\vaadin\vaadin-tabs-testbench\24.4.4\vaadin-tabs-testbench-24.4.4.jar;C:\Users\preed\.m2\repository\com\vaadin\vaadin-text-field-testbench\24.4.4\vaadin-text-field-testbench-24.4.4.jar;C:\Users\preed\.m2\repository\com\vaadin\vaadin-time-picker-testbench\24.4.4\vaadin-time-picker-testbench-24.4.4.jar;C:\Users\preed\.m2\repository\com\vaadin\vaadin-upload-testbench\24.4.4\vaadin-upload-testbench-24.4.4.jar;"/>
    <property name="java.vm.vendor" value="Amazon.com Inc."/>
    <property name="sun.arch.data.model" value="64"/>
    <property name="user.variant" value=""/>
    <property name="java.vendor.url" value="https://aws.amazon.com/corretto/"/>
    <property name="user.timezone" value="Australia/Brisbane"/>
    <property name="os.name" value="Windows 11"/>
    <property name="java.vm.specification.version" value="17"/>
    <property name="sun.java.launcher" value="SUN_STANDARD"/>
    <property name="user.country" value="AU"/>
    <property name="sun.boot.library.path" value="C:\SoftwareDevelopment\amazon-corretto-17.0.4.9.1-windows-x64-jdk\jdk17.0.4_9\bin"/>
    <property name="sun.java.command" value="C:\Users\preed\AppData\Local\Temp\surefire9289192424906883295\surefirebooter-20250127095333890_3.jar C:\Users\preed\AppData\Local\Temp\surefire9289192424906883295 2025-01-27T09-53-33_765-jvmRun1 surefire-20250127095333890_1tmp surefire_0-20250127095333890_2tmp"/>
    <property name="jdk.debug" value="release"/>
    <property name="surefire.test.class.path" value="C:\SoftwareDevelopment\Projects\retirementdrawdown\target\test-classes;C:\SoftwareDevelopment\Projects\retirementdrawdown\target\classes;C:\Users\preed\.m2\repository\com\vaadin\vaadin\24.4.4\vaadin-24.4.4.jar;C:\Users\preed\.m2\repository\com\vaadin\vaadin-internal\24.4.4\vaadin-internal-24.4.4.jar;C:\Users\preed\.m2\repository\com\vaadin\vaadin-core-internal\24.4.4\vaadin-core-internal-24.4.4.jar;C:\Users\preed\.m2\repository\com\vaadin\flow-lit-template\24.4.2\flow-lit-template-24.4.2.jar;C:\Users\preed\.m2\repository\com\vaadin\flow-react\24.4.2\flow-react-24.4.2.jar;C:\Users\preed\.m2\repository\com\vaadin\flow-html-components\24.4.2\flow-html-components-24.4.2.jar;C:\Users\preed\.m2\repository\com\vaadin\flow-data\24.4.2\flow-data-24.4.2.jar;C:\Users\preed\.m2\repository\com\vaadin\flow-dnd\24.4.2\flow-dnd-24.4.2.jar;C:\Users\preed\.m2\repository\com\vaadin\vaadin-lumo-theme\24.4.4\vaadin-lumo-theme-24.4.4.jar;C:\Users\preed\.m2\repository\com\vaadin\vaadin-material-theme\24.4.4\vaadin-material-theme-24.4.4.jar;C:\Users\preed\.m2\repository\com\vaadin\vaadin-accordion-flow\24.4.4\vaadin-accordion-flow-24.4.4.jar;C:\Users\preed\.m2\repository\com\vaadin\vaadin-avatar-flow\24.4.4\vaadin-avatar-flow-24.4.4.jar;C:\Users\preed\.m2\repository\com\vaadin\vaadin-button-flow\24.4.4\vaadin-button-flow-24.4.4.jar;C:\Users\preed\.m2\repository\com\vaadin\vaadin-checkbox-flow\24.4.4\vaadin-checkbox-flow-24.4.4.jar;C:\Users\preed\.m2\repository\com\vaadin\vaadin-combo-box-flow\24.4.4\vaadin-combo-box-flow-24.4.4.jar;C:\Users\preed\.m2\repository\com\vaadin\vaadin-confirm-dialog-flow\24.4.4\vaadin-confirm-dialog-flow-24.4.4.jar;C:\Users\preed\.m2\repository\com\vaadin\vaadin-custom-field-flow\24.4.4\vaadin-custom-field-flow-24.4.4.jar;C:\Users\preed\.m2\repository\com\vaadin\vaadin-date-picker-flow\24.4.4\vaadin-date-picker-flow-24.4.4.jar;C:\Users\preed\.m2\repository\com\vaadin\vaadin-date-time-picker-flow\24.4.4\vaadin-date-time-picker-flow-24.4.4.jar;C:\Users\preed\.m2\repository\com\vaadin\vaadin-details-flow\24.4.4\vaadin-details-flow-24.4.4.jar;C:\Users\preed\.m2\repository\com\vaadin\vaadin-time-picker-flow\24.4.4\vaadin-time-picker-flow-24.4.4.jar;C:\Users\preed\.m2\repository\com\vaadin\vaadin-select-flow\24.4.4\vaadin-select-flow-24.4.4.jar;C:\Users\preed\.m2\repository\com\vaadin\vaadin-side-nav-flow\24.4.4\vaadin-side-nav-flow-24.4.4.jar;C:\Users\preed\.m2\repository\com\vaadin\vaadin-dialog-flow\24.4.4\vaadin-dialog-flow-24.4.4.jar;C:\Users\preed\.m2\repository\com\vaadin\vaadin-form-layout-flow\24.4.4\vaadin-form-layout-flow-24.4.4.jar;C:\Users\preed\.m2\repository\com\vaadin\vaadin-field-highlighter-flow\24.4.4\vaadin-field-highlighter-flow-24.4.4.jar;C:\Users\preed\.m2\repository\com\vaadin\vaadin-grid-flow\24.4.4\vaadin-grid-flow-24.4.4.jar;C:\Users\preed\.m2\repository\org\apache\commons\commons-lang3\3.13.0\commons-lang3-3.13.0.jar;C:\Users\preed\.m2\repository\com\vaadin\vaadin-icons-flow\24.4.4\vaadin-icons-flow-24.4.4.jar;C:\Users\preed\.m2\repository\com\vaadin\vaadin-virtual-list-flow\24.4.4\vaadin-virtual-list-flow-24.4.4.jar;C:\Users\preed\.m2\repository\com\vaadin\vaadin-list-box-flow\24.4.4\vaadin-list-box-flow-24.4.4.jar;C:\Users\preed\.m2\repository\com\vaadin\vaadin-login-flow\24.4.4\vaadin-login-flow-24.4.4.jar;C:\Users\preed\.m2\repository\com\vaadin\vaadin-messages-flow\24.4.4\vaadin-messages-flow-24.4.4.jar;C:\Users\preed\.m2\repository\com\vaadin\vaadin-ordered-layout-flow\24.4.4\vaadin-ordered-layout-flow-24.4.4.jar;C:\Users\preed\.m2\repository\com\vaadin\vaadin-progress-bar-flow\24.4.4\vaadin-progress-bar-flow-24.4.4.jar;C:\Users\preed\.m2\repository\com\vaadin\vaadin-radio-button-flow\24.4.4\vaadin-radio-button-flow-24.4.4.jar;C:\Users\preed\.m2\repository\com\vaadin\vaadin-renderer-flow\24.4.4\vaadin-renderer-flow-24.4.4.jar;C:\Users\preed\.m2\repository\com\vaadin\vaadin-split-layout-flow\24.4.4\vaadin-split-layout-flow-24.4.4.jar;C:\Users\preed\.m2\repository\com\vaadin\vaadin-tabs-flow\24.4.4\vaadin-tabs-flow-24.4.4.jar;C:\Users\preed\.m2\repository\com\vaadin\vaadin-text-field-flow\24.4.4\vaadin-text-field-flow-24.4.4.jar;C:\Users\preed\.m2\repository\com\vaadin\vaadin-upload-flow\24.4.4\vaadin-upload-flow-24.4.4.jar;C:\Users\preed\.m2\repository\com\vaadin\vaadin-notification-flow\24.4.4\vaadin-notification-flow-24.4.4.jar;C:\Users\preed\.m2\repository\com\vaadin\vaadin-app-layout-flow\24.4.4\vaadin-app-layout-flow-24.4.4.jar;C:\Users\preed\.m2\repository\com\vaadin\vaadin-context-menu-flow\24.4.4\vaadin-context-menu-flow-24.4.4.jar;C:\Users\preed\.m2\repository\com\vaadin\vaadin-menu-bar-flow\24.4.4\vaadin-menu-bar-flow-24.4.4.jar;C:\Users\preed\.m2\repository\com\vaadin\vaadin-board-flow\24.4.4\vaadin-board-flow-24.4.4.jar;C:\Users\preed\.m2\repository\com\vaadin\vaadin-charts-flow\24.4.4\vaadin-charts-flow-24.4.4.jar;C:\Users\preed\.m2\repository\com\vaadin\vaadin-cookie-consent-flow\24.4.4\vaadin-cookie-consent-flow-24.4.4.jar;C:\Users\preed\.m2\repository\com\vaadin\vaadin-crud-flow\24.4.4\vaadin-crud-flow-24.4.4.jar;C:\Users\preed\.m2\repository\com\vaadin\vaadin-flow-components-base\24.4.4\vaadin-flow-components-base-24.4.4.jar;C:\Users\preed\.m2\repository\com\vaadin\vaadin-grid-pro-flow\24.4.4\vaadin-grid-pro-flow-24.4.4.jar;C:\Users\preed\.m2\repository\com\vaadin\vaadin-map-flow\24.4.4\vaadin-map-flow-24.4.4.jar;C:\Users\preed\.m2\repository\com\vaadin\vaadin-rich-text-editor-flow\24.4.4\vaadin-rich-text-editor-flow-24.4.4.jar;C:\Users\preed\.m2\repository\com\vaadin\collaboration-engine\6.2.2\collaboration-engine-6.2.2.jar;C:\Users\preed\.m2\repository\com\fasterxml\jackson\core\jackson-databind\2.15.4\jackson-databind-2.15.4.jar;C:\Users\preed\.m2\repository\com\fasterxml\jackson\core\jackson-annotations\2.15.4\jackson-annotations-2.15.4.jar;C:\Users\preed\.m2\repository\com\fasterxml\jackson\datatype\jackson-datatype-jsr310\2.15.4\jackson-datatype-jsr310-2.15.4.jar;C:\Users\preed\.m2\repository\com\vaadin\vaadin-core\24.4.4\vaadin-core-24.4.4.jar;C:\Users\preed\.m2\repository\com\vaadin\vaadin-dev\24.4.4\vaadin-dev-24.4.4.jar;C:\Users\preed\.m2\repository\com\vaadin\vaadin-dev-server\24.4.2\vaadin-dev-server-24.4.2.jar;C:\Users\preed\.m2\repository\com\github\javaparser\javaparser-core\3.25.10\javaparser-core-3.25.10.jar;C:\Users\preed\.m2\repository\io\methvin\directory-watcher\0.18.0\directory-watcher-0.18.0.jar;C:\Users\preed\.m2\repository\com\vaadin\vaadin-dev-bundle\24.4.4\vaadin-dev-bundle-24.4.4.jar;C:\Users\preed\.m2\repository\com\vaadin\hilla-dev\24.4.2\hilla-dev-24.4.2.jar;C:\Users\preed\.m2\repository\com\vaadin\copilot\24.4.3\copilot-24.4.3.jar;C:\Users\preed\.m2\repository\io\projectreactor\netty\reactor-netty\1.1.19\reactor-netty-1.1.19.jar;C:\Users\preed\.m2\repository\io\projectreactor\netty\reactor-netty-core\1.1.19\reactor-netty-core-1.1.19.jar;C:\Users\preed\.m2\repository\io\netty\netty-handler\4.1.110.Final\netty-handler-4.1.110.Final.jar;C:\Users\preed\.m2\repository\io\netty\netty-common\4.1.110.Final\netty-common-4.1.110.Final.jar;C:\Users\preed\.m2\repository\io\netty\netty-resolver\4.1.110.Final\netty-resolver-4.1.110.Final.jar;C:\Users\preed\.m2\repository\io\netty\netty-buffer\4.1.110.Final\netty-buffer-4.1.110.Final.jar;C:\Users\preed\.m2\repository\io\netty\netty-transport\4.1.110.Final\netty-transport-4.1.110.Final.jar;C:\Users\preed\.m2\repository\io\netty\netty-transport-native-unix-common\4.1.110.Final\netty-transport-native-unix-common-4.1.110.Final.jar;C:\Users\preed\.m2\repository\io\netty\netty-codec\4.1.110.Final\netty-codec-4.1.110.Final.jar;C:\Users\preed\.m2\repository\io\netty\netty-handler-proxy\4.1.110.Final\netty-handler-proxy-4.1.110.Final.jar;C:\Users\preed\.m2\repository\io\netty\netty-codec-socks\4.1.110.Final\netty-codec-socks-4.1.110.Final.jar;C:\Users\preed\.m2\repository\io\netty\netty-resolver-dns\4.1.110.Final\netty-resolver-dns-4.1.110.Final.jar;C:\Users\preed\.m2\repository\io\netty\netty-codec-dns\4.1.110.Final\netty-codec-dns-4.1.110.Final.jar;C:\Users\preed\.m2\repository\io\netty\netty-resolver-dns-native-macos\4.1.110.Final\netty-resolver-dns-native-macos-4.1.110.Final-osx-x86_64.jar;C:\Users\preed\.m2\repository\io\netty\netty-resolver-dns-classes-macos\4.1.110.Final\netty-resolver-dns-classes-macos-4.1.110.Final.jar;C:\Users\preed\.m2\repository\io\netty\netty-transport-native-epoll\4.1.110.Final\netty-transport-native-epoll-4.1.110.Final-linux-x86_64.jar;C:\Users\preed\.m2\repository\io\netty\netty-transport-classes-epoll\4.1.110.Final\netty-transport-classes-epoll-4.1.110.Final.jar;C:\Users\preed\.m2\repository\io\projectreactor\netty\reactor-netty-http\1.1.19\reactor-netty-http-1.1.19.jar;C:\Users\preed\.m2\repository\io\netty\netty-codec-http\4.1.110.Final\netty-codec-http-4.1.110.Final.jar;C:\Users\preed\.m2\repository\io\netty\netty-codec-http2\4.1.110.Final\netty-codec-http2-4.1.110.Final.jar;C:\Users\preed\.m2\repository\io\projectreactor\netty\incubator\reactor-netty-incubator-quic\0.1.19\reactor-netty-incubator-quic-0.1.19.jar;C:\Users\preed\.m2\repository\io\netty\incubator\netty-incubator-codec-native-quic\0.0.62.Final\netty-incubator-codec-native-quic-0.0.62.Final-linux-x86_64.jar;C:\Users\preed\.m2\repository\io\netty\incubator\netty-incubator-codec-classes-quic\0.0.62.Final\netty-incubator-codec-classes-quic-0.0.62.Final.jar;C:\Users\preed\.m2\repository\org\apache\commons\commons-configuration2\2.11.0\commons-configuration2-2.11.0.jar;C:\Users\preed\.m2\repository\org\apache\commons\commons-text\1.12.0\commons-text-1.12.0.jar;C:\Users\preed\.m2\repository\com\vaadin\vaadin-spring-boot-starter\24.4.4\vaadin-spring-boot-starter-24.4.4.jar;C:\Users\preed\.m2\repository\com\vaadin\vaadin-spring\24.4.2\vaadin-spring-24.4.2.jar;C:\Users\preed\.m2\repository\com\vaadin\flow-server\24.4.2\flow-server-24.4.2.jar;C:\Users\preed\.m2\repository\com\vaadin\servletdetector\throw-if-servlet3\1.0.2\throw-if-servlet3-1.0.2.jar;C:\Users\preed\.m2\repository\org\apache\commons\commons-fileupload2-jakarta\2.0.0-M1\commons-fileupload2-jakarta-2.0.0-M1.jar;C:\Users\preed\.m2\repository\org\apache\commons\commons-fileupload2-core\2.0.0-M1\commons-fileupload2-core-2.0.0-M1.jar;C:\Users\preed\.m2\repository\commons-io\commons-io\2.16.1\commons-io-2.16.1.jar;C:\Users\preed\.m2\repository\com\fasterxml\jackson\core\jackson-core\2.15.4\jackson-core-2.15.4.jar;C:\Users\preed\.m2\repository\org\jsoup\jsoup\1.17.2\jsoup-1.17.2.jar;C:\Users\preed\.m2\repository\com\helger\ph-css\7.0.2\ph-css-7.0.2.jar;C:\Users\preed\.m2\repository\com\helger\commons\ph-commons\11.1.5\ph-commons-11.1.5.jar;C:\Users\preed\.m2\repository\org\ow2\asm\asm\9.7\asm-9.7.jar;C:\Users\preed\.m2\repository\com\vaadin\external\gentyref\1.2.0.vaadin1\gentyref-1.2.0.vaadin1.jar;C:\Users\preed\.m2\repository\org\apache\commons\commons-compress\1.26.1\commons-compress-1.26.1.jar;C:\Users\preed\.m2\repository\com\vaadin\flow-push\24.4.2\flow-push-24.4.2.jar;C:\Users\preed\.m2\repository\com\vaadin\external\atmosphere\atmosphere-runtime\3.0.5.slf4jvaadin1\atmosphere-runtime-3.0.5.slf4jvaadin1.jar;C:\Users\preed\.m2\repository\com\vaadin\flow-client\24.4.2\flow-client-24.4.2.jar;C:\Users\preed\.m2\repository\org\springframework\spring-webmvc\6.1.8\spring-webmvc-6.1.8.jar;C:\Users\preed\.m2\repository\org\springframework\spring-websocket\6.1.8\spring-websocket-6.1.8.jar;C:\Users\preed\.m2\repository\org\reflections\reflections\0.10.2\reflections-0.10.2.jar;C:\Users\preed\.m2\repository\com\google\code\findbugs\jsr305\3.0.2\jsr305-3.0.2.jar;C:\Users\preed\.m2\repository\com\vaadin\hilla\24.4.2\hilla-24.4.2.jar;C:\Users\preed\.m2\repository\com\vaadin\hilla-endpoint\24.4.2\hilla-endpoint-24.4.2.jar;C:\Users\preed\.m2\repository\com\vaadin\hilla-engine-core\24.4.2\hilla-engine-core-24.4.2.jar;C:\Users\preed\.m2\repository\com\vaadin\hilla-parser-jvm-core\24.4.2\hilla-parser-jvm-core-24.4.2.jar;C:\Users\preed\.m2\repository\com\fasterxml\jackson\dataformat\jackson-dataformat-yaml\2.15.4\jackson-dataformat-yaml-2.15.4.jar;C:\Users\preed\.m2\repository\com\vaadin\hilla-parser-jvm-plugin-backbone\24.4.2\hilla-parser-jvm-plugin-backbone-24.4.2.jar;C:\Users\preed\.m2\repository\com\vaadin\hilla-parser-jvm-plugin-nonnull\24.4.2\hilla-parser-jvm-plugin-nonnull-24.4.2.jar;C:\Users\preed\.m2\repository\com\vaadin\hilla-parser-jvm-plugin-subtypes\24.4.2\hilla-parser-jvm-plugin-subtypes-24.4.2.jar;C:\Users\preed\.m2\repository\com\vaadin\hilla-parser-jvm-plugin-model\24.4.2\hilla-parser-jvm-plugin-model-24.4.2.jar;C:\Users\preed\.m2\repository\com\vaadin\hilla-parser-jvm-plugin-transfertypes\24.4.2\hilla-parser-jvm-plugin-transfertypes-24.4.2.jar;C:\Users\preed\.m2\repository\org\springframework\data\spring-data-commons\3.2.6\spring-data-commons-3.2.6.jar;C:\Users\preed\.m2\repository\io\projectreactor\reactor-core\3.6.6\reactor-core-3.6.6.jar;C:\Users\preed\.m2\repository\org\reactivestreams\reactive-streams\1.0.4\reactive-streams-1.0.4.jar;C:\Users\preed\.m2\repository\com\fasterxml\jackson\module\jackson-module-parameter-names\2.15.4\jackson-module-parameter-names-2.15.4.jar;C:\Users\preed\.m2\repository\com\fasterxml\jackson\datatype\jackson-datatype-jdk8\2.15.4\jackson-datatype-jdk8-2.15.4.jar;C:\Users\preed\.m2\repository\com\github\javaparser\javaparser-symbol-solver-core\3.25.10\javaparser-symbol-solver-core-3.25.10.jar;C:\Users\preed\.m2\repository\com\vaadin\hilla-parser-jvm-utils\24.4.2\hilla-parser-jvm-utils-24.4.2.jar;C:\Users\preed\.m2\repository\io\swagger\core\v3\swagger-core\2.2.22\swagger-core-2.2.22.jar;C:\Users\preed\.m2\repository\io\swagger\core\v3\swagger-annotations\2.2.22\swagger-annotations-2.2.22.jar;C:\Users\preed\.m2\repository\io\swagger\core\v3\swagger-models\2.2.22\swagger-models-2.2.22.jar;C:\Users\preed\.m2\repository\com\vaadin\hilla-runtime-plugin-transfertypes\24.4.2\hilla-runtime-plugin-transfertypes-24.4.2.jar;C:\Users\preed\.m2\repository\com\vaadin\hilla-engine-runtime\24.4.2\hilla-engine-runtime-24.4.2.jar;C:\Users\preed\.m2\repository\org\springframework\boot\spring-boot-starter-web\3.2.6\spring-boot-starter-web-3.2.6.jar;C:\Users\preed\.m2\repository\org\springframework\boot\spring-boot-starter-json\3.2.6\spring-boot-starter-json-3.2.6.jar;C:\Users\preed\.m2\repository\org\springframework\boot\spring-boot-starter-tomcat\3.2.6\spring-boot-starter-tomcat-3.2.6.jar;C:\Users\preed\.m2\repository\org\apache\tomcat\embed\tomcat-embed-core\10.1.24\tomcat-embed-core-10.1.24.jar;C:\Users\preed\.m2\repository\org\apache\tomcat\embed\tomcat-embed-websocket\10.1.24\tomcat-embed-websocket-10.1.24.jar;C:\Users\preed\.m2\repository\org\springframework\spring-web\6.1.8\spring-web-6.1.8.jar;C:\Users\preed\.m2\repository\io\micrometer\micrometer-observation\1.12.6\micrometer-observation-1.12.6.jar;C:\Users\preed\.m2\repository\io\micrometer\micrometer-commons\1.12.6\micrometer-commons-1.12.6.jar;C:\Users\preed\.m2\repository\org\parttio\line-awesome\1.1.0\line-awesome-1.1.0.jar;C:\Users\preed\.m2\repository\org\springframework\boot\spring-boot-starter-validation\3.2.6\spring-boot-starter-validation-3.2.6.jar;C:\Users\preed\.m2\repository\org\springframework\boot\spring-boot-starter\3.2.6\spring-boot-starter-3.2.6.jar;C:\Users\preed\.m2\repository\org\springframework\boot\spring-boot-starter-logging\3.2.6\spring-boot-starter-logging-3.2.6.jar;C:\Users\preed\.m2\repository\ch\qos\logback\logback-classic\1.4.14\logback-classic-1.4.14.jar;C:\Users\preed\.m2\repository\ch\qos\logback\logback-core\1.4.14\logback-core-1.4.14.jar;C:\Users\preed\.m2\repository\org\apache\logging\log4j\log4j-to-slf4j\2.21.1\log4j-to-slf4j-2.21.1.jar;C:\Users\preed\.m2\repository\org\apache\logging\log4j\log4j-api\2.21.1\log4j-api-2.21.1.jar;C:\Users\preed\.m2\repository\org\slf4j\jul-to-slf4j\2.0.13\jul-to-slf4j-2.0.13.jar;C:\Users\preed\.m2\repository\jakarta\annotation\jakarta.annotation-api\2.1.1\jakarta.annotation-api-2.1.1.jar;C:\Users\preed\.m2\repository\org\yaml\snakeyaml\2.2\snakeyaml-2.2.jar;C:\Users\preed\.m2\repository\org\apache\tomcat\embed\tomcat-embed-el\10.1.24\tomcat-embed-el-10.1.24.jar;C:\Users\preed\.m2\repository\org\hibernate\validator\hibernate-validator\8.0.1.Final\hibernate-validator-8.0.1.Final.jar;C:\Users\preed\.m2\repository\jakarta\validation\jakarta.validation-api\3.0.2\jakarta.validation-api-3.0.2.jar;C:\Users\preed\.m2\repository\org\jboss\logging\jboss-logging\3.5.3.Final\jboss-logging-3.5.3.Final.jar;C:\Users\preed\.m2\repository\com\fasterxml\classmate\1.6.0\classmate-1.6.0.jar;C:\Users\preed\.m2\repository\org\springframework\boot\spring-boot-devtools\3.2.6\spring-boot-devtools-3.2.6.jar;C:\Users\preed\.m2\repository\org\springframework\boot\spring-boot\3.2.6\spring-boot-3.2.6.jar;C:\Users\preed\.m2\repository\org\springframework\spring-context\6.1.8\spring-context-6.1.8.jar;C:\Users\preed\.m2\repository\org\springframework\boot\spring-boot-autoconfigure\3.2.6\spring-boot-autoconfigure-3.2.6.jar;C:\Users\preed\.m2\repository\org\springframework\boot\spring-boot-starter-security\3.2.6\spring-boot-starter-security-3.2.6.jar;C:\Users\preed\.m2\repository\org\springframework\spring-aop\6.1.8\spring-aop-6.1.8.jar;C:\Users\preed\.m2\repository\org\springframework\spring-beans\6.1.8\spring-beans-6.1.8.jar;C:\Users\preed\.m2\repository\org\springframework\security\spring-security-config\6.2.4\spring-security-config-6.2.4.jar;C:\Users\preed\.m2\repository\org\springframework\security\spring-security-core\6.2.4\spring-security-core-6.2.4.jar;C:\Users\preed\.m2\repository\org\springframework\security\spring-security-crypto\6.2.4\spring-security-crypto-6.2.4.jar;C:\Users\preed\.m2\repository\org\springframework\security\spring-security-web\6.2.4\spring-security-web-6.2.4.jar;C:\Users\preed\.m2\repository\org\springframework\spring-expression\6.1.8\spring-expression-6.1.8.jar;C:\Users\preed\.m2\repository\org\springframework\boot\spring-boot-starter-test\3.2.6\spring-boot-starter-test-3.2.6.jar;C:\Users\preed\.m2\repository\org\springframework\boot\spring-boot-test\3.2.6\spring-boot-test-3.2.6.jar;C:\Users\preed\.m2\repository\org\springframework\boot\spring-boot-test-autoconfigure\3.2.6\spring-boot-test-autoconfigure-3.2.6.jar;C:\Users\preed\.m2\repository\com\jayway\jsonpath\json-path\2.9.0\json-path-2.9.0.jar;C:\Users\preed\.m2\repository\org\slf4j\slf4j-api\2.0.13\slf4j-api-2.0.13.jar;C:\Users\preed\.m2\repository\jakarta\xml\bind\jakarta.xml.bind-api\4.0.2\jakarta.xml.bind-api-4.0.2.jar;C:\Users\preed\.m2\repository\jakarta\activation\jakarta.activation-api\2.1.3\jakarta.activation-api-2.1.3.jar;C:\Users\preed\.m2\repository\net\minidev\json-smart\2.5.1\json-smart-2.5.1.jar;C:\Users\preed\.m2\repository\net\minidev\accessors-smart\2.5.1\accessors-smart-2.5.1.jar;C:\Users\preed\.m2\repository\org\assertj\assertj-core\3.24.2\assertj-core-3.24.2.jar;C:\Users\preed\.m2\repository\net\bytebuddy\byte-buddy\1.14.16\byte-buddy-1.14.16.jar;C:\Users\preed\.m2\repository\org\awaitility\awaitility\4.2.1\awaitility-4.2.1.jar;C:\Users\preed\.m2\repository\org\hamcrest\hamcrest\2.2\hamcrest-2.2.jar;C:\Users\preed\.m2\repository\org\junit\jupiter\junit-jupiter\5.10.2\junit-jupiter-5.10.2.jar;C:\Users\preed\.m2\repository\org\junit\jupiter\junit-jupiter-api\5.10.2\junit-jupiter-api-5.10.2.jar;C:\Users\preed\.m2\repository\org\opentest4j\opentest4j\1.3.0\opentest4j-1.3.0.jar;C:\Users\preed\.m2\repository\org\junit\platform\junit-platform-commons\1.10.2\junit-platform-commons-1.10.2.jar;C:\Users\preed\.m2\repository\org\apiguardian\apiguardian-api\1.1.2\apiguardian-api-1.1.2.jar;C:\Users\preed\.m2\repository\org\junit\jupiter\junit-jupiter-params\5.10.2\junit-jupiter-params-5.10.2.jar;C:\Users\preed\.m2\repository\org\junit\jupiter\junit-jupiter-engine\5.10.2\junit-jupiter-engine-5.10.2.jar;C:\Users\preed\.m2\repository\org\mockito\mockito-core\5.7.0\mockito-core-5.7.0.jar;C:\Users\preed\.m2\repository\net\bytebuddy\byte-buddy-agent\1.14.16\byte-buddy-agent-1.14.16.jar;C:\Users\preed\.m2\repository\org\objenesis\objenesis\3.3\objenesis-3.3.jar;C:\Users\preed\.m2\repository\org\mockito\mockito-junit-jupiter\5.7.0\mockito-junit-jupiter-5.7.0.jar;C:\Users\preed\.m2\repository\org\skyscreamer\jsonassert\1.5.1\jsonassert-1.5.1.jar;C:\Users\preed\.m2\repository\com\vaadin\external\google\android-json\0.0.20131108.vaadin1\android-json-0.0.20131108.vaadin1.jar;C:\Users\preed\.m2\repository\org\springframework\spring-core\6.1.8\spring-core-6.1.8.jar;C:\Users\preed\.m2\repository\org\springframework\spring-jcl\6.1.8\spring-jcl-6.1.8.jar;C:\Users\preed\.m2\repository\org\springframework\spring-test\6.1.8\spring-test-6.1.8.jar;C:\Users\preed\.m2\repository\org\xmlunit\xmlunit-core\2.9.1\xmlunit-core-2.9.1.jar;C:\Users\preed\.m2\repository\com\vaadin\vaadin-testbench-junit5\24.4.4\vaadin-testbench-junit5-24.4.4.jar;C:\Users\preed\.m2\repository\com\vaadin\vaadin-testbench-core-junit5\9.3.1\vaadin-testbench-core-junit5-9.3.1.jar;C:\Users\preed\.m2\repository\org\seleniumhq\selenium\selenium-remote-driver\4.21.0\selenium-remote-driver-4.21.0.jar;C:\Users\preed\.m2\repository\com\google\auto\service\auto-service-annotations\1.1.1\auto-service-annotations-1.1.1.jar;C:\Users\preed\.m2\repository\com\google\guava\guava\33.2.0-jre\guava-33.2.0-jre.jar;C:\Users\preed\.m2\repository\com\google\guava\failureaccess\1.0.2\failureaccess-1.0.2.jar;C:\Users\preed\.m2\repository\com\google\guava\listenablefuture\9999.0-empty-to-avoid-conflict-with-guava\listenablefuture-9999.0-empty-to-avoid-conflict-with-guava.jar;C:\Users\preed\.m2\repository\org\checkerframework\checker-qual\3.42.0\checker-qual-3.42.0.jar;C:\Users\preed\.m2\repository\com\google\errorprone\error_prone_annotations\2.26.1\error_prone_annotations-2.26.1.jar;C:\Users\preed\.m2\repository\com\google\j2objc\j2objc-annotations\3.0.0\j2objc-annotations-3.0.0.jar;C:\Users\preed\.m2\repository\io\opentelemetry\semconv\opentelemetry-semconv\1.25.0-alpha\opentelemetry-semconv-1.25.0-alpha.jar;C:\Users\preed\.m2\repository\io\opentelemetry\opentelemetry-api\1.31.0\opentelemetry-api-1.31.0.jar;C:\Users\preed\.m2\repository\io\opentelemetry\opentelemetry-context\1.31.0\opentelemetry-context-1.31.0.jar;C:\Users\preed\.m2\repository\io\opentelemetry\opentelemetry-exporter-logging\1.31.0\opentelemetry-exporter-logging-1.31.0.jar;C:\Users\preed\.m2\repository\io\opentelemetry\opentelemetry-sdk-common\1.31.0\opentelemetry-sdk-common-1.31.0.jar;C:\Users\preed\.m2\repository\io\opentelemetry\opentelemetry-sdk-extension-autoconfigure-spi\1.31.0\opentelemetry-sdk-extension-autoconfigure-spi-1.31.0.jar;C:\Users\preed\.m2\repository\io\opentelemetry\opentelemetry-sdk-extension-autoconfigure\1.31.0\opentelemetry-sdk-extension-autoconfigure-1.31.0.jar;C:\Users\preed\.m2\repository\io\opentelemetry\opentelemetry-api-events\1.31.0-alpha\opentelemetry-api-events-1.31.0-alpha.jar;C:\Users\preed\.m2\repository\io\opentelemetry\opentelemetry-sdk-trace\1.31.0\opentelemetry-sdk-trace-1.31.0.jar;C:\Users\preed\.m2\repository\io\opentelemetry\opentelemetry-sdk\1.31.0\opentelemetry-sdk-1.31.0.jar;C:\Users\preed\.m2\repository\io\opentelemetry\opentelemetry-sdk-metrics\1.31.0\opentelemetry-sdk-metrics-1.31.0.jar;C:\Users\preed\.m2\repository\io\opentelemetry\opentelemetry-extension-incubator\1.31.0-alpha\opentelemetry-extension-incubator-1.31.0-alpha.jar;C:\Users\preed\.m2\repository\io\opentelemetry\opentelemetry-sdk-logs\1.31.0\opentelemetry-sdk-logs-1.31.0.jar;C:\Users\preed\.m2\repository\org\seleniumhq\selenium\selenium-api\4.21.0\selenium-api-4.21.0.jar;C:\Users\preed\.m2\repository\org\seleniumhq\selenium\selenium-http\4.21.0\selenium-http-4.21.0.jar;C:\Users\preed\.m2\repository\dev\failsafe\failsafe\3.3.2\failsafe-3.3.2.jar;C:\Users\preed\.m2\repository\org\seleniumhq\selenium\selenium-json\4.21.0\selenium-json-4.21.0.jar;C:\Users\preed\.m2\repository\org\seleniumhq\selenium\selenium-manager\4.21.0\selenium-manager-4.21.0.jar;C:\Users\preed\.m2\repository\org\seleniumhq\selenium\selenium-os\4.21.0\selenium-os-4.21.0.jar;C:\Users\preed\.m2\repository\org\apache\commons\commons-exec\1.4.0\commons-exec-1.4.0.jar;C:\Users\preed\.m2\repository\org\seleniumhq\selenium\selenium-java\4.21.0\selenium-java-4.21.0.jar;C:\Users\preed\.m2\repository\org\seleniumhq\selenium\selenium-chrome-driver\4.21.0\selenium-chrome-driver-4.21.0.jar;C:\Users\preed\.m2\repository\org\seleniumhq\selenium\selenium-chromium-driver\4.21.0\selenium-chromium-driver-4.21.0.jar;C:\Users\preed\.m2\repository\org\seleniumhq\selenium\selenium-devtools-v123\4.21.0\selenium-devtools-v123-4.21.0.jar;C:\Users\preed\.m2\repository\org\seleniumhq\selenium\selenium-devtools-v124\4.21.0\selenium-devtools-v124-4.21.0.jar;C:\Users\preed\.m2\repository\org\seleniumhq\selenium\selenium-devtools-v125\4.21.0\selenium-devtools-v125-4.21.0.jar;C:\Users\preed\.m2\repository\org\seleniumhq\selenium\selenium-devtools-v85\4.21.0\selenium-devtools-v85-4.21.0.jar;C:\Users\preed\.m2\repository\org\seleniumhq\selenium\selenium-edge-driver\4.21.0\selenium-edge-driver-4.21.0.jar;C:\Users\preed\.m2\repository\org\seleniumhq\selenium\selenium-firefox-driver\4.21.0\selenium-firefox-driver-4.21.0.jar;C:\Users\preed\.m2\repository\org\seleniumhq\selenium\selenium-ie-driver\4.21.0\selenium-ie-driver-4.21.0.jar;C:\Users\preed\.m2\repository\org\seleniumhq\selenium\selenium-safari-driver\4.21.0\selenium-safari-driver-4.21.0.jar;C:\Users\preed\.m2\repository\org\seleniumhq\selenium\selenium-support\4.21.0\selenium-support-4.21.0.jar;C:\Users\preed\.m2\repository\org\junit\platform\junit-platform-engine\1.10.2\junit-platform-engine-1.10.2.jar;C:\Users\preed\.m2\repository\org\javassist\javassist\3.30.2-GA\javassist-3.30.2-GA.jar;C:\Users\preed\.m2\repository\com\vaadin\license-checker\1.12.13\license-checker-1.12.13.jar;C:\Users\preed\.m2\repository\com\github\oshi\oshi-core\6.4.10\oshi-core-6.4.10.jar;C:\Users\preed\.m2\repository\net\java\dev\jna\jna\5.14.0\jna-5.14.0.jar;C:\Users\preed\.m2\repository\net\java\dev\jna\jna-platform\5.14.0\jna-platform-5.14.0.jar;C:\Users\preed\.m2\repository\com\nimbusds\nimbus-jose-jwt\9.37.3\nimbus-jose-jwt-9.37.3.jar;C:\Users\preed\.m2\repository\org\lucee\jcip-annotations\1.0.0\jcip-annotations-1.0.0.jar;C:\Users\preed\.m2\repository\com\vaadin\open\8.5.0.1\open-8.5.0.1.jar;C:\Users\preed\.m2\repository\com\vaadin\external\gwt\gwt-elemental\2.8.2.vaadin2\gwt-elemental-2.8.2.vaadin2.jar;C:\Users\preed\.m2\repository\com\vaadin\vaadin-testbench-unit-junit5\9.3.1\vaadin-testbench-unit-junit5-9.3.1.jar;C:\Users\preed\.m2\repository\com\vaadin\vaadin-testbench-unit-shared\9.3.1\vaadin-testbench-unit-shared-9.3.1.jar;C:\Users\preed\.m2\repository\io\github\classgraph\classgraph\4.8.146\classgraph-4.8.146.jar;C:\Users\preed\.m2\repository\jakarta\servlet\jakarta.servlet-api\6.0.0\jakarta.servlet-api-6.0.0.jar;C:\Users\preed\.m2\repository\org\jetbrains\kotlin\kotlin-stdlib-jdk8\1.9.24\kotlin-stdlib-jdk8-1.9.24.jar;C:\Users\preed\.m2\repository\org\jetbrains\kotlin\kotlin-stdlib\1.9.24\kotlin-stdlib-1.9.24.jar;C:\Users\preed\.m2\repository\org\jetbrains\annotations\13.0\annotations-13.0.jar;C:\Users\preed\.m2\repository\org\jetbrains\kotlin\kotlin-stdlib-jdk7\1.9.24\kotlin-stdlib-jdk7-1.9.24.jar;C:\Users\preed\.m2\repository\org\jetbrains\kotlin\kotlin-reflect\1.9.24\kotlin-reflect-1.9.24.jar;C:\Users\preed\.m2\repository\com\vaadin\vaadin-testbench-shared\9.3.1\vaadin-testbench-shared-9.3.1.jar;C:\Users\preed\.m2\repository\commons-codec\commons-codec\1.16.1\commons-codec-1.16.1.jar;C:\Users\preed\.m2\repository\com\vaadin\flow-html-components-testbench\24.4.2\flow-html-components-testbench-24.4.2.jar;C:\Users\preed\.m2\repository\com\vaadin\vaadin-accordion-testbench\24.4.4\vaadin-accordion-testbench-24.4.4.jar;C:\Users\preed\.m2\repository\com\vaadin\vaadin-app-layout-testbench\24.4.4\vaadin-app-layout-testbench-24.4.4.jar;C:\Users\preed\.m2\repository\com\vaadin\vaadin-avatar-testbench\24.4.4\vaadin-avatar-testbench-24.4.4.jar;C:\Users\preed\.m2\repository\com\vaadin\vaadin-board-testbench\24.4.4\vaadin-board-testbench-24.4.4.jar;C:\Users\preed\.m2\repository\com\vaadin\vaadin-button-testbench\24.4.4\vaadin-button-testbench-24.4.4.jar;C:\Users\preed\.m2\repository\com\vaadin\vaadin-charts-testbench\24.4.4\vaadin-charts-testbench-24.4.4.jar;C:\Users\preed\.m2\repository\com\vaadin\vaadin-checkbox-testbench\24.4.4\vaadin-checkbox-testbench-24.4.4.jar;C:\Users\preed\.m2\repository\com\vaadin\vaadin-combo-box-testbench\24.4.4\vaadin-combo-box-testbench-24.4.4.jar;C:\Users\preed\.m2\repository\com\vaadin\vaadin-confirm-dialog-testbench\24.4.4\vaadin-confirm-dialog-testbench-24.4.4.jar;C:\Users\preed\.m2\repository\com\vaadin\vaadin-context-menu-testbench\24.4.4\vaadin-context-menu-testbench-24.4.4.jar;C:\Users\preed\.m2\repository\com\vaadin\vaadin-cookie-consent-testbench\24.4.4\vaadin-cookie-consent-testbench-24.4.4.jar;C:\Users\preed\.m2\repository\com\vaadin\vaadin-crud-testbench\24.4.4\vaadin-crud-testbench-24.4.4.jar;C:\Users\preed\.m2\repository\com\vaadin\vaadin-custom-field-testbench\24.4.4\vaadin-custom-field-testbench-24.4.4.jar;C:\Users\preed\.m2\repository\com\vaadin\vaadin-date-picker-testbench\24.4.4\vaadin-date-picker-testbench-24.4.4.jar;C:\Users\preed\.m2\repository\com\vaadin\vaadin-date-time-picker-testbench\24.4.4\vaadin-date-time-picker-testbench-24.4.4.jar;C:\Users\preed\.m2\repository\com\vaadin\vaadin-details-testbench\24.4.4\vaadin-details-testbench-24.4.4.jar;C:\Users\preed\.m2\repository\com\vaadin\vaadin-dialog-testbench\24.4.4\vaadin-dialog-testbench-24.4.4.jar;C:\Users\preed\.m2\repository\com\vaadin\vaadin-form-layout-testbench\24.4.4\vaadin-form-layout-testbench-24.4.4.jar;C:\Users\preed\.m2\repository\com\vaadin\vaadin-grid-testbench\24.4.4\vaadin-grid-testbench-24.4.4.jar;C:\Users\preed\.m2\repository\com\vaadin\vaadin-grid-pro-testbench\24.4.4\vaadin-grid-pro-testbench-24.4.4.jar;C:\Users\preed\.m2\repository\com\vaadin\vaadin-icons-testbench\24.4.4\vaadin-icons-testbench-24.4.4.jar;C:\Users\preed\.m2\repository\com\vaadin\vaadin-virtual-list-testbench\24.4.4\vaadin-virtual-list-testbench-24.4.4.jar;C:\Users\preed\.m2\repository\com\vaadin\vaadin-list-box-testbench\24.4.4\vaadin-list-box-testbench-24.4.4.jar;C:\Users\preed\.m2\repository\com\vaadin\vaadin-login-testbench\24.4.4\vaadin-login-testbench-24.4.4.jar;C:\Users\preed\.m2\repository\com\vaadin\vaadin-menu-bar-testbench\24.4.4\vaadin-menu-bar-testbench-24.4.4.jar;C:\Users\preed\.m2\repository\com\vaadin\vaadin-messages-testbench\24.4.4\vaadin-messages-testbench-24.4.4.jar;C:\Users\preed\.m2\repository\com\vaadin\vaadin-notification-testbench\24.4.4\vaadin-notification-testbench-24.4.4.jar;C:\Users\preed\.m2\repository\com\vaadin\vaadin-ordered-layout-testbench\24.4.4\vaadin-ordered-layout-testbench-24.4.4.jar;C:\Users\preed\.m2\repository\com\vaadin\vaadin-progress-bar-testbench\24.4.4\vaadin-progress-bar-testbench-24.4.4.jar;C:\Users\preed\.m2\repository\com\vaadin\vaadin-radio-button-testbench\24.4.4\vaadin-radio-button-testbench-24.4.4.jar;C:\Users\preed\.m2\repository\com\vaadin\vaadin-rich-text-editor-testbench\24.4.4\vaadin-rich-text-editor-testbench-24.4.4.jar;C:\Users\preed\.m2\repository\com\vaadin\vaadin-select-testbench\24.4.4\vaadin-select-testbench-24.4.4.jar;C:\Users\preed\.m2\repository\com\vaadin\vaadin-side-nav-testbench\24.4.4\vaadin-side-nav-testbench-24.4.4.jar;C:\Users\preed\.m2\repository\com\vaadin\vaadin-split-layout-testbench\24.4.4\vaadin-split-layout-testbench-24.4.4.jar;C:\Users\preed\.m2\repository\com\vaadin\vaadin-tabs-testbench\24.4.4\vaadin-tabs-testbench-24.4.4.jar;C:\Users\preed\.m2\repository\com\vaadin\vaadin-text-field-testbench\24.4.4\vaadin-text-field-testbench-24.4.4.jar;C:\Users\preed\.m2\repository\com\vaadin\vaadin-time-picker-testbench\24.4.4\vaadin-time-picker-testbench-24.4.4.jar;C:\Users\preed\.m2\repository\com\vaadin\vaadin-upload-testbench\24.4.4\vaadin-upload-testbench-24.4.4.jar;"/>
    <property name="sun.cpu.endian" value="little"/>
    <property name="user.home" value="C:\Users\preed"/>
    <property name="user.language" value="en"/>
    <property name="java.specification.vendor" value="Oracle Corporation"/>
    <property name="java.version.date" value="2022-08-12"/>
    <property name="java.home" value="C:\SoftwareDevelopment\amazon-corretto-17.0.4.9.1-windows-x64-jdk\jdk17.0.4_9"/>
    <property name="file.separator" value="\"/>
    <property name="basedir" value="C:\SoftwareDevelopment\Projects\retirementdrawdown"/>
    <property name="java.vm.compressedOopsMode" value="Zero based"/>
    <property name="line.separator" value="&#10;"/>
    <property name="java.vm.specification.vendor" value="Oracle Corporation"/>
    <property name="java.specification.name" value="Java Platform API Specification"/>
    <property name="surefire.real.class.path" value="C:\Users\preed\AppData\Local\Temp\surefire9289192424906883295\surefirebooter-20250127095333890_3.jar"/>
    <property name="user.script" value=""/>
    <property name="sun.management.compiler" value="HotSpot 64-Bit Tiered Compilers"/>
    <property name="java.runtime.version" value="17.0.4.1+9-LTS"/>
    <property name="user.name" value="preed"/>
    <property name="path.separator" value=";"/>
    <property name="os.version" value="10.0"/>
    <property name="java.runtime.name" value="OpenJDK Runtime Environment"/>
    <property name="file.encoding" value="Cp1252"/>
    <property name="java.vm.name" value="OpenJDK 64-Bit Server VM"/>
    <property name="java.vendor.version" value="Corretto-17.0.4.9.1"/>
    <property name="localRepository" value="C:\Users\preed\.m2\repository"/>
    <property name="java.vendor.url.bug" value="https://github.com/corretto/corretto-17/issues/"/>
    <property name="java.io.tmpdir" value="C:\Users\preed\AppData\Local\Temp\"/>
    <property name="idea.version" value="2024.3.2"/>
    <property name="java.version" value="17.0.4.1"/>
    <property name="user.dir" value="C:\SoftwareDevelopment\Projects\retirementdrawdown"/>
    <property name="os.arch" value="amd64"/>
    <property name="java.vm.specification.name" value="Java Virtual Machine Specification"/>
    <property name="sun.os.patch.level" value=""/>
    <property name="native.encoding" value="Cp1252"/>
    <property name="java.library.path" value="C:\SoftwareDevelopment\amazon-corretto-17.0.4.9.1-windows-x64-jdk\jdk17.0.4_9\bin;C:\WINDOWS\Sun\Java\bin;C:\WINDOWS\system32;C:\WINDOWS;C:\Python310\Scripts\;C:\Python310\;C:\SoftwareDevelopment\amazon-corretto-17.0.4.9.1-windows-x64-jdk\jdk17.0.4_9\bin;C:\WINDOWS\system32;C:\WINDOWS;C:\WINDOWS\System32\Wbem;C:\WINDOWS\System32\WindowsPowerShell\v1.0\;C:\WINDOWS\System32\OpenSSH\;C:\Program Files\nodejs\;C:\ProgramData\chocolatey\bin;C:\Program Files\Microsoft SQL Server\130\Tools\Binn\;C:\Program Files (x86)\Google\Cloud SDK\google-cloud-sdk\bin;C:\Program Files\Git\cmd;C:\Program Files\Git\mingw64\bin;C:\Program Files\Git\usr\bin;C:\Program Files\MySQL\MySQL Shell 8.0\bin\;C:\Users\preed\AppData\Local\Microsoft\WindowsApps;C:\Users\preed\AppData\Local\GitHubDesktop\bin;C:\Program Files\JetBrains\PyCharm Community Edition 2021.2.3\bin;;C:\Users\preed\AppData\Roaming\npm;C:\Program Files (x86)\WiX Toolset v3.11\bin;C:\SoftwareDevelopment\flutter\bin;C:\Users\preed\AppData\Local\Programs\Microsoft VS Code\bin;C:\Program Files\heroku\bin;C:\Program Files\JetBrains\IntelliJ IDEA 2024.2.4\bin;;."/>
    <property name="java.vm.info" value="mixed mode, sharing"/>
    <property name="java.vendor" value="Amazon.com Inc."/>
    <property name="java.vm.version" value="17.0.4.1+9-LTS"/>
    <property name="sun.io.unicode.encoding" value="UnicodeLittle"/>
    <property name="java.class.version" value="61.0"/>
  </properties>
  <testcase name="testGetListOfDrawns" classname="com.reedmanit.retirementdrawdown.service.DrawDownServiceTest" time="0.333">
    <system-out><![CDATA[getListOfDrawns
Year Open Balance Withdrawal Income Close Balance 
1 800000.0 72100.0 40000.0 767900.0
2 767900.0 74263.0 38395.0 732032.0
3 732032.0 76490.89 36601.6 692142.71
4 692142.71 78785.62 34607.14 647964.23
5 647964.23 81149.19 32398.21 599213.25
6 599213.25 83583.67 29960.66 545590.24
7 545590.24 86091.18 27279.51 486778.57
8 486778.57 88673.92 24338.93 422443.58
9 422443.58 91334.14 21122.18 352231.62
10 352231.62 94074.16 17611.58 275769.04
11 275769.04 96896.38 13788.45 192661.11
12 192661.11 99803.27 9633.06 102490.9
13 102490.9 102797.37 5124.55 4818.08
14 4818.08 105881.29 240.9 0.0
]]></system-out>
  </testcase>
</testsuite>